<?xml version="1.0" encoding="UTF-8"?>
<!-- Generated by org.testng.reporters.JUnitReportReporter -->
<testsuite hostname="Muse" failures="1" tests="1" name="CucumberOptions.TestNGTestRunner" time="10.386" errors="0" timestamp="2024-07-03T23:14:34 EDT" skipped="0">
  <testcase classname="CucumberOptions.TestNGTestRunner" name="runScenario" time="10.386">
    <failure message="expected [Tomato] but found [null]" type="java.lang.AssertionError">
      <![CDATA[java.lang.AssertionError: expected [Tomato] but found [null]
at org.testng.Assert.fail(Assert.java:111)
at org.testng.Assert.failNotEquals(Assert.java:1578)
at org.testng.Assert.assertEqualsImpl(Assert.java:150)
at org.testng.Assert.assertEquals(Assert.java:132)
at org.testng.Assert.assertEquals(Assert.java:656)
at org.testng.Assert.assertEquals(Assert.java:666)
at stepDefinitions.offersPageStepDefinitions.validate_product_name_in_offers_page_matches_with_landing_page(offersPageStepDefinitions.java:57)
at âœ½.Validate product name in offers page matches with Landing Page(file:///C:/Users/plvan/eclipse-workspace/testingcucumber/src/test/java/features/searchProduct.feature:7)
]]>
    </failure>
  </testcase> <!-- runScenario -->
</testsuite> <!-- CucumberOptions.TestNGTestRunner -->
